{"C:\\Users\\Alexander\\Source\\ts-react-mono\\packages\\app\\src\\components\\Header.tsx": {"path":"C:\\Users\\Alexander\\Source\\ts-react-mono\\packages\\app\\src\\components\\Header.tsx","statementMap":{"0":{"start":{"line":7,"column":35},"end":{"line":11,"column":1}},"1":{"start":{"line":8,"column":1},"end":{"line":10,"column":2}}},"fnMap":{"0":{"name":"(anonymous_0)","decl":{"start":{"line":7,"column":35},"end":{"line":7,"column":36}},"loc":{"start":{"line":7,"column":50},"end":{"line":11,"column":1}},"line":7}},"branchMap":{},"s":{"0":2,"1":2},"f":{"0":2},"b":{},"_coverageSchema":"1a1c01bbd47fc00a2c39e90264f33305004495a9","hash":"2e58bd301e3ea2e9dba1d1472fad4b8e7efb7a63"}
,"C:\\Users\\Alexander\\Source\\ts-react-mono\\packages\\app\\src\\components\\index.ts": {"path":"C:\\Users\\Alexander\\Source\\ts-react-mono\\packages\\app\\src\\components\\index.ts","statementMap":{},"fnMap":{},"branchMap":{},"s":{},"f":{},"b":{},"_coverageSchema":"1a1c01bbd47fc00a2c39e90264f33305004495a9","hash":"4a4ed87ce77911df39701ff819ad93e6771e546f"}
,"C:\\Users\\Alexander\\Source\\ts-react-mono\\packages\\app\\src\\pages\\Home.tsx": {"path":"C:\\Users\\Alexander\\Source\\ts-react-mono\\packages\\app\\src\\pages\\Home.tsx","statementMap":{"0":{"start":{"line":5,"column":24},"end":{"line":9,"column":1}},"1":{"start":{"line":6,"column":1},"end":{"line":8,"column":2}}},"fnMap":{"0":{"name":"(anonymous_0)","decl":{"start":{"line":5,"column":24},"end":{"line":5,"column":25}},"loc":{"start":{"line":5,"column":30},"end":{"line":9,"column":1}},"line":5}},"branchMap":{},"s":{"0":1,"1":1},"f":{"0":1},"b":{},"_coverageSchema":"1a1c01bbd47fc00a2c39e90264f33305004495a9","hash":"8cba16d7b0ffcf90d188d7131e696d3ddc022e66"}
,"C:\\Users\\Alexander\\Source\\ts-react-mono\\packages\\app\\src\\pages\\index.ts": {"path":"C:\\Users\\Alexander\\Source\\ts-react-mono\\packages\\app\\src\\pages\\index.ts","statementMap":{},"fnMap":{},"branchMap":{},"s":{},"f":{},"b":{},"_coverageSchema":"1a1c01bbd47fc00a2c39e90264f33305004495a9","hash":"93e219fd97f2a1a3534048418f8919bd6acbcf7d"}
,"C:\\Users\\Alexander\\Source\\ts-react-mono\\packages\\app\\tests\\matchMedia.mock.ts": {"path":"C:\\Users\\Alexander\\Source\\ts-react-mono\\packages\\app\\tests\\matchMedia.mock.ts","statementMap":{"0":{"start":{"line":1,"column":11},"end":{"line":1,"column":25}},"1":{"start":{"line":1,"column":17},"end":{"line":1,"column":25}},"2":{"start":{"line":3,"column":0},"end":{"line":16,"column":2}},"3":{"start":{"line":6,"column":25},"end":{"line":15,"column":2}}},"fnMap":{"0":{"name":"(anonymous_0)","decl":{"start":{"line":1,"column":11},"end":{"line":1,"column":12}},"loc":{"start":{"line":1,"column":17},"end":{"line":1,"column":25}},"line":1},"1":{"name":"(anonymous_1)","decl":{"start":{"line":1,"column":17},"end":{"line":1,"column":18}},"loc":{"start":{"line":1,"column":23},"end":{"line":1,"column":25}},"line":1},"2":{"name":"(anonymous_2)","decl":{"start":{"line":6,"column":8},"end":{"line":6,"column":9}},"loc":{"start":{"line":6,"column":25},"end":{"line":15,"column":2}},"line":6}},"branchMap":{},"s":{"0":2,"1":0,"2":2,"3":0},"f":{"0":0,"1":0,"2":0},"b":{},"_coverageSchema":"1a1c01bbd47fc00a2c39e90264f33305004495a9","hash":"8757dd5135c8201f098fc5b73cc5e4fbd2060ab7"}
}
