{"C:\\Users\\Alexander\\Source\\ts-react-mono\\packages\\utils\\src\\hasOwn.ts": {"path":"C:\\Users\\Alexander\\Source\\ts-react-mono\\packages\\utils\\src\\hasOwn.ts","statementMap":{"0":{"start":{"line":2,"column":1},"end":{"line":2,"column":null}},"1":{"start":{"line":1,"column":0},"end":{"line":1,"column":16}}},"fnMap":{"0":{"name":"hasOwn","decl":{"start":{"line":1,"column":16},"end":{"line":1,"column":22}},"loc":{"start":{"line":1,"column":65},"end":{"line":3,"column":1}}}},"branchMap":{},"s":{"0":3,"1":1},"f":{"0":3},"b":{}}
,"C:\\Users\\Alexander\\Source\\ts-react-mono\\packages\\utils\\src\\index.ts": {"path":"C:\\Users\\Alexander\\Source\\ts-react-mono\\packages\\utils\\src\\index.ts","statementMap":{"0":{"start":{"line":1,"column":0},"end":{"line":1,"column":9}},"1":{"start":{"line":1,"column":9},"end":{"line":1,"column":33}}},"fnMap":{"0":{"name":"(anonymous_0)","decl":{"start":{"line":1,"column":9},"end":{"line":1,"column":15}},"loc":{"start":{"line":1,"column":9},"end":{"line":1,"column":33}}}},"branchMap":{},"s":{"0":1,"1":4},"f":{"0":3},"b":{}}
}
